\BOOKMARK [0][-]{chapter.1}{Presentation 1}{}% 1
\BOOKMARK [1][-]{section.1.1}{Production possibility frontier}{chapter.1}% 2
\BOOKMARK [1][-]{section.1.2}{Economic freedom }{chapter.1}% 3
\BOOKMARK [1][-]{section.1.3}{Five areas of EFW Index}{chapter.1}% 4
\BOOKMARK [1][-]{section.1.4}{Three lessons from the EFW}{chapter.1}% 5
\BOOKMARK [0][-]{chapter.2}{Presentation 2}{}% 6
\BOOKMARK [1][-]{section.2.1}{Stock and flow variables}{chapter.2}% 7
\BOOKMARK [1][-]{section.2.2}{Macroeconomic goals, framework, and policies}{chapter.2}% 8
\BOOKMARK [1][-]{section.2.3}{GDP}{chapter.2}% 9
\BOOKMARK [1][-]{section.2.4}{GDP Measured by components of demand \(expenditure approach\)}{chapter.2}% 10
\BOOKMARK [2][-]{subsection.2.4.1}{New export component}{section.2.4}% 11
\BOOKMARK [2][-]{subsection.2.4.2}{GDP Using demand}{section.2.4}% 12
\BOOKMARK [1][-]{section.2.5}{GDP measured by what is produced \(income approach\)}{chapter.2}% 13
\BOOKMARK [1][-]{section.2.6}{GNP and NNP}{chapter.2}% 14
\BOOKMARK [1][-]{section.2.7}{Real GDP vs Nominal GDP}{chapter.2}% 15
\BOOKMARK [2][-]{subsection.2.7.1}{GDP Deflator}{section.2.7}% 16
\BOOKMARK [1][-]{section.2.8}{GDP over time}{chapter.2}% 17
\BOOKMARK [1][-]{section.2.9}{Patterns of recessions and expansions}{chapter.2}% 18
\BOOKMARK [1][-]{section.2.10}{Comparing GDP among countries}{chapter.2}% 19
\BOOKMARK [1][-]{section.2.11}{GDP per capita}{chapter.2}% 20
\BOOKMARK [1][-]{section.2.12}{How well GDP measures the well-being of society}{chapter.2}% 21
\BOOKMARK [0][-]{chapter.3}{Presentation 3}{}% 22
\BOOKMARK [1][-]{section.3.1}{Unemployment rate}{chapter.3}% 23
\BOOKMARK [2][-]{subsection.3.1.1}{Hidden unemployment}{section.3.1}% 24
\BOOKMARK [2][-]{subsection.3.1.2}{Labor force participation}{section.3.1}% 25
\BOOKMARK [2][-]{subsection.3.1.3}{Patterns of unemployment}{section.3.1}% 26
\BOOKMARK [1][-]{section.3.2}{Unemployment facts}{chapter.3}% 27
\BOOKMARK [1][-]{section.3.3}{Cyclical unemployment}{chapter.3}% 28
\BOOKMARK [1][-]{section.3.4}{Unemployment and equilibrium in the labor market}{chapter.3}% 29
\BOOKMARK [2][-]{subsection.3.4.1}{Sticky wages}{section.3.4}% 30
\BOOKMARK [1][-]{section.3.5}{Changes in unemployment on the long run}{chapter.3}% 31
\BOOKMARK [2][-]{subsection.3.5.1}{Productivity shifts and the natural rate of unemployment}{section.3.5}% 32
\BOOKMARK [0][-]{chapter.4}{Presentation 4}{}% 33
\BOOKMARK [1][-]{section.4.1}{Tracking inflation}{chapter.4}% 34
\BOOKMARK [1][-]{section.4.2}{Index Numbers}{chapter.4}% 35
\BOOKMARK [1][-]{section.4.3}{Measure changes in the cost of living}{chapter.4}% 36
\BOOKMARK [1][-]{section.4.4}{Additional price indices}{chapter.4}% 37
\BOOKMARK [1][-]{section.4.5}{The confusion over inflation}{chapter.4}% 38
\BOOKMARK [1][-]{section.4.6}{Indexing and its limitations}{chapter.4}% 39
\BOOKMARK [1][-]{section.4.7}{Real interest rate}{chapter.4}% 40
\BOOKMARK [0][-]{chapter.5}{Presentation 5}{}% 41
\BOOKMARK [1][-]{section.5.1}{Functions of money}{chapter.5}% 42
\BOOKMARK [1][-]{section.5.2}{Commodity vs Fiat money}{chapter.5}% 43
\BOOKMARK [1][-]{section.5.3}{Measuring money: currency M1 and M2}{chapter.5}% 44
\BOOKMARK [1][-]{section.5.4}{How do banks make profit}{chapter.5}% 45
\BOOKMARK [1][-]{section.5.5}{Reserves and bankruptcy}{chapter.5}% 46
\BOOKMARK [1][-]{section.5.6}{How banks go bankrupt}{chapter.5}% 47
\BOOKMARK [1][-]{section.5.7}{Banks create money}{chapter.5}% 48
\BOOKMARK [2][-]{subsection.5.7.1}{Cautions about the money multiplier}{section.5.7}% 49
\BOOKMARK [0][-]{chapter.6}{Presentation 7}{}% 50
\BOOKMARK [1][-]{section.6.1}{Central bank of Guatemala}{chapter.6}% 51
\BOOKMARK [2][-]{subsection.6.1.1}{Bank structure}{section.6.1}% 52
\BOOKMARK [0][-]{chapter.7}{Video Review}{}% 53
\BOOKMARK [1][-]{section.7.1}{Determinants of worker productivity}{chapter.7}% 54
\BOOKMARK [1][-]{section.7.2}{Sources of economic growth}{chapter.7}% 55
\BOOKMARK [1][-]{section.7.3}{Funding investment}{chapter.7}% 56
\BOOKMARK [1][-]{section.7.4}{Three tools of central bank to m2 }{chapter.7}% 57
\BOOKMARK [0][-]{chapter.8}{Quiz}{}% 58
\BOOKMARK [0][-]{chapter.9}{Formulary}{}% 59
\BOOKMARK [0][-]{chapter.10}{Figures}{}% 60
